epoch,loss,mae,rmse,val_loss,val_mae,val_rmse
0,0.003157837549224496,0.02979232370853424,0.05530242621898651,0.001148479524999857,0.02186581678688526,0.033889226615428925
1,0.000936804455704987,0.020139481872320175,0.03060726635158062,0.0007840436301194131,0.021283231675624847,0.028000779449939728
2,0.0005913537461310625,0.016343016177415848,0.02431776374578476,0.0015321628889068961,0.034824710339307785,0.039142850786447525
3,0.0005633445107378066,0.016207285225391388,0.02373487502336502,0.00048372670426033437,0.01641177572309971,0.021993787959218025
4,0.0005840142257511616,0.01636376604437828,0.024166392162442207,0.0004526400880422443,0.015646880492568016,0.021275341510772705
5,0.0005235905991867185,0.015109104104340076,0.02288210019469261,0.000476792745757848,0.016441309824585915,0.021835584193468094
6,0.0004845962976105511,0.014974852092564106,0.022013545036315918,0.0011567821493372321,0.029778799042105675,0.03401150181889534
7,0.0005376908811740577,0.01588229089975357,0.023188158869743347,0.0006665390683338046,0.021056801080703735,0.02581741474568844
8,0.0005693769198842347,0.016903355717658997,0.023861626163125038,0.00045178752043284476,0.01566590927541256,0.021255293861031532
9,0.000546041876077652,0.016002651304006577,0.023367540910840034,0.0009420739952474833,0.02629380114376545,0.03069322369992733
10,0.0004874338919762522,0.01530473679304123,0.022077905014157295,0.00045981237781234086,0.015779629349708557,0.021443236619234085
11,0.0005194921977818012,0.015585385262966156,0.02279237098991871,0.0007602658588439226,0.021745482459664345,0.02757291868329048
12,0.0005190696683712304,0.015681352466344833,0.022783098742365837,0.0004816115542780608,0.016364509239792824,0.0219456497579813
13,0.0005845967098139226,0.016586406156420708,0.02417842671275139,0.000499760964885354,0.01711921952664852,0.02235533483326435
14,0.0005334148881956935,0.01582115888595581,0.023095767945051193,0.000540509819984436,0.018103117123246193,0.023248868063092232
15,0.0005151416989974678,0.015087145380675793,0.022696737200021744,0.00045426571159623563,0.015661317855119705,0.021313510835170746
16,0.00045491367927752435,0.013999110087752342,0.021328717470169067,0.0005441776593215764,0.018176568672060966,0.02332761511206627
17,0.0005207259673625231,0.015725089237093925,0.02281942591071129,0.0014727149391546845,0.034282613545656204,0.03837596997618675
18,0.0004969414439983666,0.015340154990553856,0.022292187437415123,0.000469513819552958,0.016263924539089203,0.021668268367648125
19,0.0005425260751508176,0.015732556581497192,0.023292193189263344,0.0005201284075155854,0.017206020653247833,0.022806324064731598
20,0.00048151210648939013,0.014750558882951736,0.021943384781479836,0.0008877241634763777,0.025385193526744843,0.02979470044374466
21,0.0004684389568865299,0.014673957601189613,0.02164345048367977,0.0005200157756917179,0.017631452530622482,0.022803854197263718
22,0.0005135372630320489,0.01533151138573885,0.0226613599807024,0.00048532593064010143,0.01635080948472023,0.022030113264918327
23,0.00047689376515336335,0.014766660518944263,0.02183789573609829,0.0004939381033182144,0.016515370458364487,0.02222471870481968
24,0.000527570431586355,0.01570945419371128,0.022968899458646774,0.0006685985717922449,0.021139919757843018,0.02585727348923683
25,0.0004714589158538729,0.014667578972876072,0.02171310782432556,0.00047175021609291434,0.016187027096748352,0.021719813346862793
26,0.00047670016647316515,0.014269229955971241,0.02183346636593342,0.00048096830141730607,0.016470924019813538,0.021930990740656853
27,0.00050374586135149,0.015166505239903927,0.02244427800178528,0.00048530870117247105,0.016321299597620964,0.022029723972082138
28,0.00046547051169909537,0.014213889837265015,0.02157476171851158,0.0005885935970582068,0.018647650256752968,0.024260951206088066
29,0.0004464921948965639,0.013988107442855835,0.021130364388227463,0.0005628493963740766,0.01873408816754818,0.023724447935819626
30,0.00046697197831235826,0.0136686647310853,0.021609539166092873,0.0005343597731553018,0.017428912222385406,0.0231162216514349
31,0.0004942221567034721,0.015278219245374203,0.02223110944032669,0.0004592046025209129,0.01586243510246277,0.02142905816435814
32,0.00046557089081034064,0.014225484803318977,0.021577101200819016,0.0004628804454114288,0.015780122950673103,0.021514656022191048
33,0.0004695722309406847,0.014314274303615093,0.021669618785381317,0.0005548804183490574,0.01785500906407833,0.023555900901556015
34,0.0004636823432520032,0.014197573997080326,0.021533286198973656,0.0005411759484559298,0.018132284283638,0.02326318435370922
35,0.0004636924422811717,0.013994796201586723,0.02153352089226246,0.0005787009140476584,0.018998755142092705,0.02405620366334915
36,0.0004681184364017099,0.0143458666279912,0.02163604460656643,0.0005095647647976875,0.017301011830568314,0.02257354184985161
37,0.0004547165590338409,0.014170365408062935,0.02132408693432808,0.000635890057310462,0.020330598577857018,0.025216862559318542
38,0.00044208564213477075,0.014042399823665619,0.021025829017162323,0.0010319143766537309,0.027774620801210403,0.03212342411279678
39,0.0004507114354055375,0.014069436118006706,0.02122996747493744,0.0004919818020425737,0.016665853559970856,0.02218066342175007
40,0.0004392244736663997,0.013647579587996006,0.02095768414437771,0.00047258890117518604,0.016050780192017555,0.021739112213253975
41,0.00045195408165454865,0.01406620629131794,0.021259211003780365,0.0009412306826561689,0.026202229782938957,0.030679484829306602
42,0.0004927815170958638,0.014943873509764671,0.022198684513568878,0.0004818640009034425,0.016272377222776413,0.021951401606202126
43,0.00043501504114829004,0.013177074491977692,0.020857011899352074,0.0005701257614418864,0.018831942230463028,0.023877305909991264
44,0.0004393891431391239,0.013905258849263191,0.02096160501241684,0.0005617677816189826,0.01805179938673973,0.023701641708612442
45,0.0004502925730776042,0.013312776573002338,0.02122010663151741,0.00047172486665658653,0.0161917544901371,0.021719228476285934
46,0.00041403635987080634,0.013157145120203495,0.02034788951277733,0.0005660495953634381,0.018761439248919487,0.02379179745912552
47,0.00044201817945577204,0.013719583861529827,0.02102423459291458,0.0005186945199966431,0.017538297921419144,0.022774865850806236
48,0.0004532219609245658,0.014241330325603485,0.02128901146352291,0.0008920428226701915,0.023997657001018524,0.029867086559534073
49,0.00047994861961342394,0.014647381380200386,0.021907726302742958,0.00045643546036444604,0.01580013707280159,0.021364348009228706
