epoch,loss,mae,rmse,val_loss,val_mae,val_rmse
0,0.004553426522761583,0.035819996148347855,0.06628913432359695,0.001973212230950594,0.02345639280974865,0.04442085325717926
1,0.001208232599310577,0.020845532417297363,0.03475963696837425,0.0010009361431002617,0.019453758373856544,0.03163757547736168
2,0.0008781424257904291,0.018727265298366547,0.02963346801698208,0.0007002507336437702,0.01789378561079502,0.02646224945783615
3,0.000747588521335274,0.017978794872760773,0.027342064306139946,0.0006915486883372068,0.020027341321110725,0.0262973140925169
4,0.0007075495668686926,0.0184642244130373,0.02659979648888111,0.0005153943202458322,0.01653098687529564,0.022702297195792198
5,0.0005322431097738445,0.015452548861503601,0.02307039499282837,0.0005199341685511172,0.016971731558442116,0.022802067920565605
6,0.0005527702742256224,0.016688158735632896,0.023511068895459175,0.0009093873668462038,0.02567150816321373,0.030156049877405167
7,0.0004857981693930924,0.01477693673223257,0.022040829062461853,0.0005634505650959909,0.018108565360307693,0.023737113922834396
8,0.0005331445136107504,0.01569535583257675,0.023089922964572906,0.0005073522916063666,0.01684017851948738,0.022524481639266014
9,0.0005740324268117547,0.016868114471435547,0.023958971723914146,0.001589959254488349,0.034437455236911774,0.03987429291009903
10,0.0004523989337030798,0.014796079136431217,0.021269669756293297,0.00045845183194614947,0.015756851062178612,0.021411485970020294
11,0.0004555868508759886,0.014230397529900074,0.02134448103606701,0.0005794892786070704,0.018374016508460045,0.02407258190214634
12,0.0005192862008698285,0.015408228151500225,0.022787855938076973,0.0006005470640957355,0.01878109760582447,0.024506062269210815
13,0.00047157559311017394,0.014556806534528732,0.021715784445405006,0.0005596748669631779,0.018610628321766853,0.02365744672715664
14,0.0006120371981523931,0.016356153413653374,0.02473938651382923,0.0004682329308707267,0.016230901703238487,0.021638693287968636
15,0.0004946310655213892,0.015438400208950043,0.022240296006202698,0.0004729504871647805,0.01635914482176304,0.021747427061200142
16,0.0005182206514291465,0.015534982085227966,0.02276446297764778,0.0005465185386128724,0.017609182745218277,0.023377737030386925
17,0.00048215207061730325,0.013706695288419724,0.02195795811712742,0.0005356626934371889,0.01802566647529602,0.02314438857138157
18,0.00045795791083946824,0.01405305229127407,0.021399958059191704,0.00046964167268015444,0.016097499057650566,0.021671216934919357
19,0.0004957355558872223,0.01508934423327446,0.022265123203396797,0.0006504713091999292,0.019708307459950447,0.02550433948636055
20,0.00044865356176160276,0.014007242396473885,0.021181445568799973,0.0015968140214681625,0.03571094200015068,0.03996015712618828
21,0.0005863862461410463,0.017020974308252335,0.024215418845415115,0.00047339321463368833,0.016010945662856102,0.02175760269165039
22,0.000480768911074847,0.014157642610371113,0.02192644402384758,0.002359354170039296,0.04448506236076355,0.04857317730784416
23,0.000477155001135543,0.015087292529642582,0.02184388041496277,0.0007053162553347647,0.020911386236548424,0.026557791978120804
24,0.00045817476348020136,0.014727091416716576,0.021405013278126717,0.00045700219925493,0.01569056324660778,0.02137761004269123
25,0.0004829531826544553,0.014878823421895504,0.021976197138428688,0.0004817551816813648,0.016460366547107697,0.0219489224255085
26,0.0004342112806625664,0.013917895965278149,0.020837735384702682,0.0006703869439661503,0.020181898027658463,0.025891831144690514
27,0.00048092423821799457,0.014635186642408371,0.021929984912276268,0.0004694637900684029,0.01617828942835331,0.02166711539030075
28,0.0005538410623557866,0.01597440429031849,0.023533834144473076,0.0005117713590152562,0.01691991649568081,0.02262236550450325
29,0.0005738025065511465,0.016771847382187843,0.023954173550009727,0.00045932247303426266,0.015936968848109245,0.021431809291243553
30,0.0005060838302597404,0.015026464127004147,0.022496303543448448,0.0004652967909350991,0.016070090234279633,0.021570738404989243
31,0.000470917351776734,0.013705664314329624,0.021700620651245117,0.0008328170515596867,0.024353429675102234,0.028858574107289314
32,0.0004423622158356011,0.014063559472560883,0.021032407879829407,0.0004766030178871006,0.016402393579483032,0.021831238642334938
33,0.0004946669214405119,0.014756426215171814,0.02224110998213291,0.0004593390040099621,0.015742644667625427,0.021432194858789444
34,0.0004884086083620787,0.014631255529820919,0.022099968045949936,0.0005579673452302814,0.017901277169585228,0.0236213319003582
35,0.0005051830084994435,0.014860086143016815,0.02247627265751362,0.0004601909313350916,0.015743205323815346,0.02145206183195114
36,0.0004524008836597204,0.014141143299639225,0.021269718185067177,0.00047483935486525297,0.01608678139746189,0.02179081179201603
37,0.00042623706394806504,0.013347064144909382,0.02064550668001175,0.0005874946364201605,0.019239580258727074,0.024238288402557373
38,0.0004512961604632437,0.014028348959982395,0.021243736147880554,0.00047006821841932833,0.016083071008324623,0.021681055426597595
39,0.0004932515439577401,0.01503854338079691,0.022209269925951958,0.000545792281627655,0.017631761729717255,0.02336219698190689
40,0.000535098253749311,0.015036463737487793,0.023132190108299255,0.0005324628436937928,0.017334677278995514,0.023075159639120102
41,0.00047094127512536943,0.0145676014944911,0.021701185032725334,0.0005301338969729841,0.017875516787171364,0.023024635389447212
42,0.0004790090024471283,0.014692659489810467,0.021886276081204414,0.00045792473247274756,0.015779459848999977,0.021399177610874176
43,0.000434092857176438,0.013564590364694595,0.020834894850850105,0.00045508172479458153,0.015725132077932358,0.021332645788788795
44,0.00048099085688591003,0.014562481082975864,0.02193150669336319,0.0006641693762503564,0.020966483280062675,0.025771483778953552
45,0.0004507470002863556,0.013966334983706474,0.021230800077319145,0.0011698338203132153,0.02994435839354992,0.034202832728624344
46,0.0004784487246070057,0.014816525392234325,0.021873468533158302,0.0004566456482280046,0.015799911692738533,0.021369269117712975
47,0.0004535325278993696,0.014048688113689423,0.021296299993991852,0.0004974875482730567,0.01701945625245571,0.02230442874133587
48,0.00046102760825306177,0.013962941244244576,0.021471556276082993,0.00046282203402370214,0.015931855887174606,0.02151329815387726
49,0.00048011893522925675,0.01481382455676794,0.0219116173684597,0.0004653811047319323,0.01605474203824997,0.021572692319750786
