epoch,loss,mae,rmse,val_loss,val_mae,val_rmse
0,0.011785591952502728,0.055851832032203674,0.10603286325931549,0.0069336798042058945,0.04283476248383522,0.08326871693134308
1,0.0036660160403698683,0.03270789980888367,0.06054764240980148,0.0038947199936956167,0.03029906190931797,0.062407687306404114
2,0.002258991589769721,0.025626290589571,0.04752885550260544,0.0025969368871301413,0.029949499294161797,0.050960149616003036
3,0.0016556793125346303,0.022182876244187355,0.04069003835320473,0.0032064239494502544,0.04667434096336365,0.05662529543042183
4,0.0012805899605154991,0.020863350480794907,0.03578532859683037,0.0014587148325517774,0.026834795251488686,0.038193125277757645
5,0.0010345387272536755,0.018868789076805115,0.032164253294467926,0.0009295151103287935,0.020844783633947372,0.030487950891256332
6,0.0008425593259744346,0.01727817766368389,0.029026875272393227,0.0007426821393892169,0.019143512472510338,0.02725219540297985
7,0.0007073588785715401,0.016520477831363678,0.026596222072839737,0.0006211053696461022,0.017416659742593765,0.02492198534309864
8,0.0006252077873796225,0.0157243013381958,0.025004154071211815,0.0005958792753517628,0.017602523788809776,0.024410638958215714
9,0.0007223699940368533,0.01791740022599697,0.026876941323280334,0.0005173244280740619,0.016509151086211205,0.022744763642549515
10,0.0005948070320300758,0.015979016199707985,0.024388661608099937,0.0005051917396485806,0.0163222998380661,0.022476470097899437
11,0.0005708096432499588,0.016104720532894135,0.023891618475317955,0.0005186099442653358,0.017139792442321777,0.022773008793592453
12,0.0005758721381425858,0.016218364238739014,0.023997338488698006,0.0010230434127151966,0.027688059955835342,0.031985048204660416
13,0.0005772484000772238,0.016661979258060455,0.024025989696383476,0.0005942681455053389,0.018636951223015785,0.024377616122364998
14,0.0005045987199991941,0.015155822038650513,0.02246326394379139,0.0006335637881420553,0.01935991272330284,0.025170691311359406
15,0.0005643287440761924,0.01576053909957409,0.023755604401230812,0.0004909108392894268,0.016490472480654716,0.02215650863945484
16,0.0005878093652427197,0.01672215387225151,0.024244779720902443,0.0005332408472895622,0.01799699291586876,0.023092009127140045
17,0.0004887739196419716,0.014472408220171928,0.022108236327767372,0.00047889500274322927,0.01635708101093769,0.02188367024064064
18,0.000448498351033777,0.014073342084884644,0.021177779883146286,0.000756522174924612,0.022733060643076897,0.027504948899149895
19,0.0005505761364474893,0.015866970643401146,0.02346436306834221,0.0004873841244261712,0.016652995720505714,0.02207677811384201
20,0.0005382298259064555,0.015353171154856682,0.023199785500764847,0.0004601719556376338,0.01588398776948452,0.021451618522405624
21,0.0004903155495412648,0.013805685564875603,0.02214306779205799,0.000534644874278456,0.017915816977620125,0.023122388869524002
22,0.00046153037692420185,0.014007287099957466,0.02148325927555561,0.0004768746439367533,0.016327423974871635,0.02183745987713337
23,0.00048483957652933896,0.014647488482296467,0.02201908268034458,0.0004720228025689721,0.016220416873693466,0.021726084873080254
24,0.0004591603938024491,0.013821993954479694,0.021428033709526062,0.0009589861147105694,0.02666679583489895,0.030967500060796738
25,0.0004875844460912049,0.014492562972009182,0.022081321105360985,0.0005667762598022819,0.01878337375819683,0.023807063698768616
26,0.0004692974907811731,0.014893006533384323,0.021663278341293335,0.0004583412373904139,0.015749981626868248,0.02140890434384346
27,0.00043123436626046896,0.01358131691813469,0.020766181871294975,0.0004979469813406467,0.01672394573688507,0.022314725443720818
28,0.0004342024039942771,0.013223844580352306,0.02083752304315567,0.0004527060373220593,0.015647748485207558,0.021276891231536865
29,0.00047046260442584753,0.014522827230393887,0.02169015072286129,0.0004736526170745492,0.016103096306324005,0.02176356501877308
30,0.000503480201587081,0.014606568031013012,0.02243836782872677,0.0005624245386570692,0.01805422455072403,0.023715492337942123
31,0.00044050312135368586,0.014209242537617683,0.020988162606954575,0.0006882872548885643,0.02158535085618496,0.026235228404402733
32,0.0005096260574646294,0.015091738663613796,0.02257489785552025,0.00047099069342948496,0.015980158001184464,0.021702321246266365
33,0.00043387606274336576,0.013332147151231766,0.020829690620303154,0.0005013044574297965,0.016952209174633026,0.02238982915878296
34,0.00046097347512841225,0.014375464990735054,0.021470289677381516,0.00046972910058684647,0.01590459793806076,0.021673236042261124
35,0.0004429784312378615,0.013398047536611557,0.02104705572128296,0.0004840640176553279,0.01644209586083889,0.02200145274400711
36,0.0004504648968577385,0.01372951827943325,0.021224161610007286,0.00046767210005782545,0.01618220843374729,0.02162572555243969
37,0.00043041404569521546,0.01383792981505394,0.020746413618326187,0.0004861529159825295,0.01632005348801613,0.02204887382686138
38,0.0004606762377079576,0.01422477513551712,0.02146337367594242,0.00048744218656793237,0.016729487106204033,0.022078093141317368
39,0.0004434960428625345,0.013935239985585213,0.021059345453977585,0.0005078903050161898,0.017380747944116592,0.022536421194672585
40,0.0004662423743866384,0.014165427535772324,0.021592646837234497,0.0005208201473578811,0.017095867544412613,0.02282148227095604
41,0.0004256835381966084,0.01321120373904705,0.020632099360227585,0.0004895476158708334,0.01658337190747261,0.022125722840428352
42,0.00044852300197817385,0.013735062442719936,0.021178364753723145,0.00045794056495651603,0.0157880000770092,0.021399542689323425
43,0.0004130736051592976,0.013210303150117397,0.020324217155575752,0.0005811292212456465,0.018199222162365913,0.024106621742248535
44,0.00045593539834953845,0.014274918474256992,0.021352645009756088,0.0006280431989580393,0.020261067897081375,0.02506078965961933
45,0.0004431777342688292,0.013949912041425705,0.021051792427897453,0.000622995721641928,0.020204277709126472,0.024959880858659744
46,0.00040511152474209666,0.013022899627685547,0.02012738026678562,0.00048754006274975836,0.016508957371115685,0.0220803115516901
47,0.0004732191446237266,0.013805349357426167,0.021753599867224693,0.0005611487431451678,0.018717538565397263,0.023688577115535736
48,0.0005219058366492391,0.014787728898227215,0.022845258936285973,0.0004762588650919497,0.016231125220656395,0.021823354065418243
49,0.0004453709116205573,0.013490376062691212,0.021103819832205772,0.00045913795474916697,0.015720674768090248,0.02142750471830368
